<?xml version="1.0" encoding="UTF-8"?>
<Site BuildName="(empty)"
	BuildStamp="20250609-0849-Experimental"
	Name="workstation"
	Generator="ctest-3.22.1"
	CompilerName="/usr/bin/g++"
	CompilerVersion="11.4.0"
	OSName="Linux"
	Hostname="workstation"
	OSRelease="6.8.0-60-generic"
	OSVersion="#63~22.04.1-Ubuntu SMP PREEMPT_DYNAMIC Tue Apr 22 19:00:15 UTC 2"
	OSPlatform="x86_64"
	Is64Bits="1"
	VendorString="AuthenticAMD"
	VendorID="Advanced Micro Devices"
	FamilyID="25"
	ModelID="80"
	ProcessorCacheSize="512"
	NumberOfLogicalCPU="16"
	NumberOfPhysicalCPU="8"
	TotalVirtualMemory="2047"
	TotalPhysicalMemory="15387"
	LogicalProcessorsPerPhysical="2"
	ProcessorClockFrequency="4091.82"
	>
	<Testing>
		<StartDateTime>Jun 09 01:49 PDT</StartDateTime>
		<StartTestTime>1749458958</StartTestTime>
		<TestList/>
		<EndDateTime>Jun 09 01:49 PDT</EndDateTime>
		<EndTestTime>1749458958</EndTestTime>
		<ElapsedMinutes>0</ElapsedMinutes>
	</Testing>
</Site>
