[33mCMake Warning at CMakeLists.txt:41 (add_executable):
  Cannot generate a safe runtime search path for target camera_driver_node
  because files in some directories may conflict with libraries in implicit
  directories:

    runtime library [libcurl.so.4] in /usr/lib/x86_64-linux-gnu may be hidden by files in:
      /home/dev/anaconda3/lib

  Some of these libraries may not be found correctly.

[0m
[01m[K/home/dev/Documents/GitHub/Polar-Two/ros2_ws/src/camera_driver/src/Main.cpp:11:10:[m[K [01;31m[Kfatal error: [m[Kcamera_driver/include/camera_driver/helpers/util.hpp: No such file or directory
   11 | #include [01;31m[K<camera_driver/include/camera_driver/helpers/util.hpp>[m[K
      |          [01;31m[K^~~~~~~~~~~~~~~~~~~~~~~~~~~~~~~~~~~~~~~~~~~~~~~~~~~~~~[m[K
compilation terminated.
gmake[2]: *** [CMakeFiles/camera_driver_node.dir/build.make:76: CMakeFiles/camera_driver_node.dir/src/Main.cpp.o] Error 1
gmake[1]: *** [CMakeFiles/Makefile2:139: CMakeFiles/camera_driver_node.dir/all] Error 2
gmake: *** [Makefile:146: all] Error 2
